Analysis & Synthesis report for DataPath
Mon Sep 27 20:32:10 2021
Quartus II 64-Bit Version 13.0.1 Build 232 06/12/2013 Service Pack 1 SJ Web Edition


---------------------
; Table of Contents ;
---------------------
  1. Legal Notice
  2. Analysis & Synthesis Summary
  3. Analysis & Synthesis Settings
  4. Parallel Compilation
  5. Analysis & Synthesis Source Files Read
  6. Analysis & Synthesis Resource Usage Summary
  7. Analysis & Synthesis Resource Utilization by Entity
  8. User-Specified and Inferred Latches
  9. General Register Statistics
 10. Multiplexer Restructuring Statistics (Restructuring Performed)
 11. Parameter Settings for User Entity Instance: mux2pra1:\G1_LINHA:0:Muxes2pra1
 12. Parameter Settings for User Entity Instance: mux2pra1:\G1_LINHA:1:Muxes2pra1
 13. Parameter Settings for User Entity Instance: mux2pra1:\G1_LINHA:2:Muxes2pra1
 14. Parameter Settings for User Entity Instance: mux2pra1:\G1_LINHA:3:Muxes2pra1
 15. Parameter Settings for User Entity Instance: mux2pra1:\G1_LINHA:4:Muxes2pra1
 16. Parameter Settings for User Entity Instance: mux2pra1:\G1_LINHA:5:Muxes2pra1
 17. Parameter Settings for User Entity Instance: mux2pra1:\G1_LINHA:6:Muxes2pra1
 18. Parameter Settings for User Entity Instance: mux2pra1:\G1_LINHA:7:Muxes2pra1
 19. Parameter Settings for User Entity Instance: registerNbits:\G2:0:Registradores
 20. Parameter Settings for User Entity Instance: registerNbits:\G2:1:Registradores
 21. Parameter Settings for User Entity Instance: registerNbits:\G2:2:Registradores
 22. Parameter Settings for User Entity Instance: registerNbits:\G2:3:Registradores
 23. Parameter Settings for User Entity Instance: registerNbits:\G2:4:Registradores
 24. Parameter Settings for User Entity Instance: registerNbits:\G2:5:Registradores
 25. Parameter Settings for User Entity Instance: registerNbits:\G2:6:Registradores
 26. Parameter Settings for User Entity Instance: registerNbits:\G2:7:Registradores
 27. Parameter Settings for User Entity Instance: ULA1:PRIMEIRA_ULA
 28. Parameter Settings for User Entity Instance: ULA1:PRIMEIRA_ULA|somador_subtrator_nbits:SOMADOR
 29. Parameter Settings for User Entity Instance: ULA1:PRIMEIRA_ULA|somador_subtrator_nbits:SUBTRATOR
 30. Parameter Settings for User Entity Instance: ULA2:SEGUNDA_ULA
 31. Port Connectivity Checks: "ULA1:PRIMEIRA_ULA|somador_subtrator_nbits:SUBTRATOR"
 32. Port Connectivity Checks: "ULA1:PRIMEIRA_ULA|somador_subtrator_nbits:SOMADOR"
 33. Elapsed Time Per Partition
 34. Analysis & Synthesis Messages



----------------
; Legal Notice ;
----------------
Copyright (C) 1991-2013 Altera Corporation
Your use of Altera Corporation's design tools, logic functions 
and other software and tools, and its AMPP partner logic 
functions, and any output files from any of the foregoing 
(including device programming or simulation files), and any 
associated documentation or information are expressly subject 
to the terms and conditions of the Altera Program License 
Subscription Agreement, Altera MegaCore Function License 
Agreement, or other applicable license agreement, including, 
without limitation, that your use is for the sole purpose of 
programming logic devices manufactured by Altera and sold by 
Altera or its authorized distributors.  Please refer to the 
applicable agreement for further details.



+--------------------------------------------------------------------------------------+
; Analysis & Synthesis Summary                                                         ;
+------------------------------------+-------------------------------------------------+
; Analysis & Synthesis Status        ; Successful - Mon Sep 27 20:32:10 2021           ;
; Quartus II 64-Bit Version          ; 13.0.1 Build 232 06/12/2013 SP 1 SJ Web Edition ;
; Revision Name                      ; DataPath                                        ;
; Top-level Entity Name              ; DataPath                                        ;
; Family                             ; Cyclone IV GX                                   ;
; Total logic elements               ; 1,015                                           ;
;     Total combinational functions  ; 1,014                                           ;
;     Dedicated logic registers      ; 292                                             ;
; Total registers                    ; 292                                             ;
; Total pins                         ; 355                                             ;
; Total virtual pins                 ; 0                                               ;
; Total memory bits                  ; 0                                               ;
; Embedded Multiplier 9-bit elements ; 0                                               ;
; Total GXB Receiver Channel PCS     ; 0                                               ;
; Total GXB Receiver Channel PMA     ; 0                                               ;
; Total GXB Transmitter Channel PCS  ; 0                                               ;
; Total GXB Transmitter Channel PMA  ; 0                                               ;
; Total PLLs                         ; 0                                               ;
+------------------------------------+-------------------------------------------------+


+----------------------------------------------------------------------------------------------------------------------+
; Analysis & Synthesis Settings                                                                                        ;
+----------------------------------------------------------------------------+--------------------+--------------------+
; Option                                                                     ; Setting            ; Default Value      ;
+----------------------------------------------------------------------------+--------------------+--------------------+
; Top-level entity name                                                      ; DataPath           ; DataPath           ;
; Family name                                                                ; Cyclone IV GX      ; Cyclone IV GX      ;
; Use smart compilation                                                      ; Off                ; Off                ;
; Enable parallel Assembler and TimeQuest Timing Analyzer during compilation ; On                 ; On                 ;
; Enable compact report table                                                ; Off                ; Off                ;
; Restructure Multiplexers                                                   ; Auto               ; Auto               ;
; Create Debugging Nodes for IP Cores                                        ; Off                ; Off                ;
; Preserve fewer node names                                                  ; On                 ; On                 ;
; Disable OpenCore Plus hardware evaluation                                  ; Off                ; Off                ;
; Verilog Version                                                            ; Verilog_2001       ; Verilog_2001       ;
; VHDL Version                                                               ; VHDL_1993          ; VHDL_1993          ;
; State Machine Processing                                                   ; Auto               ; Auto               ;
; Safe State Machine                                                         ; Off                ; Off                ;
; Extract Verilog State Machines                                             ; On                 ; On                 ;
; Extract VHDL State Machines                                                ; On                 ; On                 ;
; Ignore Verilog initial constructs                                          ; Off                ; Off                ;
; Iteration limit for constant Verilog loops                                 ; 5000               ; 5000               ;
; Iteration limit for non-constant Verilog loops                             ; 250                ; 250                ;
; Add Pass-Through Logic to Inferred RAMs                                    ; On                 ; On                 ;
; Infer RAMs from Raw Logic                                                  ; On                 ; On                 ;
; Parallel Synthesis                                                         ; On                 ; On                 ;
; DSP Block Balancing                                                        ; Auto               ; Auto               ;
; NOT Gate Push-Back                                                         ; On                 ; On                 ;
; Power-Up Don't Care                                                        ; On                 ; On                 ;
; Remove Redundant Logic Cells                                               ; Off                ; Off                ;
; Remove Duplicate Registers                                                 ; On                 ; On                 ;
; Ignore CARRY Buffers                                                       ; Off                ; Off                ;
; Ignore CASCADE Buffers                                                     ; Off                ; Off                ;
; Ignore GLOBAL Buffers                                                      ; Off                ; Off                ;
; Ignore ROW GLOBAL Buffers                                                  ; Off                ; Off                ;
; Ignore LCELL Buffers                                                       ; Off                ; Off                ;
; Ignore SOFT Buffers                                                        ; On                 ; On                 ;
; Limit AHDL Integers to 32 Bits                                             ; Off                ; Off                ;
; Optimization Technique                                                     ; Balanced           ; Balanced           ;
; Carry Chain Length                                                         ; 70                 ; 70                 ;
; Auto Carry Chains                                                          ; On                 ; On                 ;
; Auto Open-Drain Pins                                                       ; On                 ; On                 ;
; Perform WYSIWYG Primitive Resynthesis                                      ; Off                ; Off                ;
; Auto ROM Replacement                                                       ; On                 ; On                 ;
; Auto RAM Replacement                                                       ; On                 ; On                 ;
; Auto DSP Block Replacement                                                 ; On                 ; On                 ;
; Auto Shift Register Replacement                                            ; Auto               ; Auto               ;
; Allow Shift Register Merging across Hierarchies                            ; Auto               ; Auto               ;
; Auto Clock Enable Replacement                                              ; On                 ; On                 ;
; Strict RAM Replacement                                                     ; Off                ; Off                ;
; Allow Synchronous Control Signals                                          ; On                 ; On                 ;
; Force Use of Synchronous Clear Signals                                     ; Off                ; Off                ;
; Auto RAM Block Balancing                                                   ; On                 ; On                 ;
; Auto RAM to Logic Cell Conversion                                          ; Off                ; Off                ;
; Auto Resource Sharing                                                      ; Off                ; Off                ;
; Allow Any RAM Size For Recognition                                         ; Off                ; Off                ;
; Allow Any ROM Size For Recognition                                         ; Off                ; Off                ;
; Allow Any Shift Register Size For Recognition                              ; Off                ; Off                ;
; Use LogicLock Constraints during Resource Balancing                        ; On                 ; On                 ;
; Ignore translate_off and synthesis_off directives                          ; Off                ; Off                ;
; Timing-Driven Synthesis                                                    ; On                 ; On                 ;
; Report Parameter Settings                                                  ; On                 ; On                 ;
; Report Source Assignments                                                  ; On                 ; On                 ;
; Report Connectivity Checks                                                 ; On                 ; On                 ;
; Ignore Maximum Fan-Out Assignments                                         ; Off                ; Off                ;
; Synchronization Register Chain Length                                      ; 2                  ; 2                  ;
; PowerPlay Power Optimization                                               ; Normal compilation ; Normal compilation ;
; HDL message level                                                          ; Level2             ; Level2             ;
; Suppress Register Optimization Related Messages                            ; Off                ; Off                ;
; Number of Removed Registers Reported in Synthesis Report                   ; 5000               ; 5000               ;
; Number of Swept Nodes Reported in Synthesis Report                         ; 5000               ; 5000               ;
; Number of Inverted Registers Reported in Synthesis Report                  ; 100                ; 100                ;
; Clock MUX Protection                                                       ; On                 ; On                 ;
; Auto Gated Clock Conversion                                                ; Off                ; Off                ;
; Block Design Naming                                                        ; Auto               ; Auto               ;
; SDC constraint protection                                                  ; Off                ; Off                ;
; Synthesis Effort                                                           ; Auto               ; Auto               ;
; Shift Register Replacement - Allow Asynchronous Clear Signal               ; On                 ; On                 ;
; Pre-Mapping Resynthesis Optimization                                       ; Off                ; Off                ;
; Analysis & Synthesis Message Level                                         ; Medium             ; Medium             ;
; Disable Register Merging Across Hierarchies                                ; Auto               ; Auto               ;
; Resource Aware Inference For Block RAM                                     ; On                 ; On                 ;
; Synthesis Seed                                                             ; 1                  ; 1                  ;
+----------------------------------------------------------------------------+--------------------+--------------------+


Parallel compilation was disabled, but you have multiple processors available. Enable parallel compilation to reduce compilation time.
+-------------------------------------+
; Parallel Compilation                ;
+----------------------------+--------+
; Processors                 ; Number ;
+----------------------------+--------+
; Number detected on machine ; 8      ;
; Maximum allowed            ; 1      ;
+----------------------------+--------+


+------------------------------------------------------------------------------------------------------------------------------------------------------------+
; Analysis & Synthesis Source Files Read                                                                                                                     ;
+----------------------------------+-----------------+-----------------+---------------------------------------------------------------------------+---------+
; File Name with User-Entered Path ; Used in Netlist ; File Type       ; File Name with Absolute Path                                              ; Library ;
+----------------------------------+-----------------+-----------------+---------------------------------------------------------------------------+---------+
; DataPath.vhd                     ; yes             ; User VHDL File  ; C:/Users/kevin/Desktop/faculdade/SDA/DataPath/DataPath.vhd                ;         ;
; somador_subtrator_nbits.vhd      ; yes             ; User VHDL File  ; C:/Users/kevin/Desktop/faculdade/SDA/DataPath/somador_subtrator_nbits.vhd ;         ;
; somador.vhd                      ; yes             ; User VHDL File  ; C:/Users/kevin/Desktop/faculdade/SDA/DataPath/somador.vhd                 ;         ;
; mux2pra1.vhd                     ; yes             ; User VHDL File  ; C:/Users/kevin/Desktop/faculdade/SDA/DataPath/mux2pra1.vhd                ;         ;
; mux8pra1.vhd                     ; yes             ; User VHDL File  ; C:/Users/kevin/Desktop/faculdade/SDA/DataPath/mux8pra1.vhd                ;         ;
; ULA2.vhd                         ; yes             ; User VHDL File  ; C:/Users/kevin/Desktop/faculdade/SDA/DataPath/ULA2.vhd                    ;         ;
; ULA1.vhd                         ; yes             ; User VHDL File  ; C:/Users/kevin/Desktop/faculdade/SDA/DataPath/ULA1.vhd                    ;         ;
; registerNbits.vhd                ; yes             ; User VHDL File  ; C:/Users/kevin/Desktop/faculdade/SDA/DataPath/registerNbits.vhd           ;         ;
+----------------------------------+-----------------+-----------------+---------------------------------------------------------------------------+---------+


+---------------------------------------------+
; Analysis & Synthesis Resource Usage Summary ;
+--------------------------+------------------+
; Resource                 ; Usage            ;
+--------------------------+------------------+
; I/O pins                 ; 355              ;
; DSP block 9-bit elements ; 0                ;
; Maximum fan-out node     ; clock~input      ;
; Maximum fan-out          ; 292              ;
; Total fan-out            ; 5375             ;
; Average fan-out          ; 2.67             ;
+--------------------------+------------------+


+---------------------------------------------------------------------------------------------------------------------------------------------------------------------------------------------------------------------------------------------------------------------+
; Analysis & Synthesis Resource Utilization by Entity                                                                                                                                                                                                                 ;
+-------------------------------------------+-------------------+--------------+-------------+--------------+---------+-----------+-----------+------+--------------+----------------------------------------------------------------------------------+--------------+
; Compilation Hierarchy Node                ; LC Combinationals ; LC Registers ; Memory Bits ; DSP Elements ; DSP 9x9 ; DSP 18x18 ; DSP 36x36 ; Pins ; Virtual Pins ; Full Hierarchy Name                                                              ; Library Name ;
+-------------------------------------------+-------------------+--------------+-------------+--------------+---------+-----------+-----------+------+--------------+----------------------------------------------------------------------------------+--------------+
; |DataPath                                 ; 1014 (0)          ; 292 (36)     ; 0           ; 0            ; 0       ; 0         ; 0         ; 355  ; 0            ; |DataPath                                                                        ; work         ;
;    |ULA1:PRIMEIRA_ULA|                    ; 204 (107)         ; 0 (0)        ; 0           ; 0            ; 0       ; 0         ; 0         ; 0    ; 0            ; |DataPath|ULA1:PRIMEIRA_ULA                                                      ; work         ;
;       |somador_subtrator_nbits:SOMADOR|   ; 43 (1)            ; 0 (0)        ; 0           ; 0            ; 0       ; 0         ; 0         ; 0    ; 0            ; |DataPath|ULA1:PRIMEIRA_ULA|somador_subtrator_nbits:SOMADOR                      ; work         ;
;          |somador:\G1:11:SCs|             ; 3 (3)             ; 0 (0)        ; 0           ; 0            ; 0       ; 0         ; 0         ; 0    ; 0            ; |DataPath|ULA1:PRIMEIRA_ULA|somador_subtrator_nbits:SOMADOR|somador:\G1:11:SCs   ; work         ;
;          |somador:\G1:12:SCs|             ; 1 (1)             ; 0 (0)        ; 0           ; 0            ; 0       ; 0         ; 0         ; 0    ; 0            ; |DataPath|ULA1:PRIMEIRA_ULA|somador_subtrator_nbits:SOMADOR|somador:\G1:12:SCs   ; work         ;
;          |somador:\G1:14:SCs|             ; 3 (3)             ; 0 (0)        ; 0           ; 0            ; 0       ; 0         ; 0         ; 0    ; 0            ; |DataPath|ULA1:PRIMEIRA_ULA|somador_subtrator_nbits:SOMADOR|somador:\G1:14:SCs   ; work         ;
;          |somador:\G1:15:SCs|             ; 1 (1)             ; 0 (0)        ; 0           ; 0            ; 0       ; 0         ; 0         ; 0    ; 0            ; |DataPath|ULA1:PRIMEIRA_ULA|somador_subtrator_nbits:SOMADOR|somador:\G1:15:SCs   ; work         ;
;          |somador:\G1:16:SCs|             ; 1 (1)             ; 0 (0)        ; 0           ; 0            ; 0       ; 0         ; 0         ; 0    ; 0            ; |DataPath|ULA1:PRIMEIRA_ULA|somador_subtrator_nbits:SOMADOR|somador:\G1:16:SCs   ; work         ;
;          |somador:\G1:17:SCs|             ; 3 (3)             ; 0 (0)        ; 0           ; 0            ; 0       ; 0         ; 0         ; 0    ; 0            ; |DataPath|ULA1:PRIMEIRA_ULA|somador_subtrator_nbits:SOMADOR|somador:\G1:17:SCs   ; work         ;
;          |somador:\G1:18:SCs|             ; 1 (1)             ; 0 (0)        ; 0           ; 0            ; 0       ; 0         ; 0         ; 0    ; 0            ; |DataPath|ULA1:PRIMEIRA_ULA|somador_subtrator_nbits:SOMADOR|somador:\G1:18:SCs   ; work         ;
;          |somador:\G1:1:SCs|              ; 1 (1)             ; 0 (0)        ; 0           ; 0            ; 0       ; 0         ; 0         ; 0    ; 0            ; |DataPath|ULA1:PRIMEIRA_ULA|somador_subtrator_nbits:SOMADOR|somador:\G1:1:SCs    ; work         ;
;          |somador:\G1:20:SCs|             ; 3 (3)             ; 0 (0)        ; 0           ; 0            ; 0       ; 0         ; 0         ; 0    ; 0            ; |DataPath|ULA1:PRIMEIRA_ULA|somador_subtrator_nbits:SOMADOR|somador:\G1:20:SCs   ; work         ;
;          |somador:\G1:21:SCs|             ; 1 (1)             ; 0 (0)        ; 0           ; 0            ; 0       ; 0         ; 0         ; 0    ; 0            ; |DataPath|ULA1:PRIMEIRA_ULA|somador_subtrator_nbits:SOMADOR|somador:\G1:21:SCs   ; work         ;
;          |somador:\G1:22:SCs|             ; 1 (1)             ; 0 (0)        ; 0           ; 0            ; 0       ; 0         ; 0         ; 0    ; 0            ; |DataPath|ULA1:PRIMEIRA_ULA|somador_subtrator_nbits:SOMADOR|somador:\G1:22:SCs   ; work         ;
;          |somador:\G1:23:SCs|             ; 1 (1)             ; 0 (0)        ; 0           ; 0            ; 0       ; 0         ; 0         ; 0    ; 0            ; |DataPath|ULA1:PRIMEIRA_ULA|somador_subtrator_nbits:SOMADOR|somador:\G1:23:SCs   ; work         ;
;          |somador:\G1:24:SCs|             ; 3 (3)             ; 0 (0)        ; 0           ; 0            ; 0       ; 0         ; 0         ; 0    ; 0            ; |DataPath|ULA1:PRIMEIRA_ULA|somador_subtrator_nbits:SOMADOR|somador:\G1:24:SCs   ; work         ;
;          |somador:\G1:25:SCs|             ; 1 (1)             ; 0 (0)        ; 0           ; 0            ; 0       ; 0         ; 0         ; 0    ; 0            ; |DataPath|ULA1:PRIMEIRA_ULA|somador_subtrator_nbits:SOMADOR|somador:\G1:25:SCs   ; work         ;
;          |somador:\G1:27:SCs|             ; 3 (3)             ; 0 (0)        ; 0           ; 0            ; 0       ; 0         ; 0         ; 0    ; 0            ; |DataPath|ULA1:PRIMEIRA_ULA|somador_subtrator_nbits:SOMADOR|somador:\G1:27:SCs   ; work         ;
;          |somador:\G1:28:SCs|             ; 1 (1)             ; 0 (0)        ; 0           ; 0            ; 0       ; 0         ; 0         ; 0    ; 0            ; |DataPath|ULA1:PRIMEIRA_ULA|somador_subtrator_nbits:SOMADOR|somador:\G1:28:SCs   ; work         ;
;          |somador:\G1:2:SCs|              ; 1 (1)             ; 0 (0)        ; 0           ; 0            ; 0       ; 0         ; 0         ; 0    ; 0            ; |DataPath|ULA1:PRIMEIRA_ULA|somador_subtrator_nbits:SOMADOR|somador:\G1:2:SCs    ; work         ;
;          |somador:\G1:30:SCs|             ; 3 (3)             ; 0 (0)        ; 0           ; 0            ; 0       ; 0         ; 0         ; 0    ; 0            ; |DataPath|ULA1:PRIMEIRA_ULA|somador_subtrator_nbits:SOMADOR|somador:\G1:30:SCs   ; work         ;
;          |somador:\G1:31:SCs|             ; 1 (1)             ; 0 (0)        ; 0           ; 0            ; 0       ; 0         ; 0         ; 0    ; 0            ; |DataPath|ULA1:PRIMEIRA_ULA|somador_subtrator_nbits:SOMADOR|somador:\G1:31:SCs   ; work         ;
;          |somador:\G1:3:SCs|              ; 1 (1)             ; 0 (0)        ; 0           ; 0            ; 0       ; 0         ; 0         ; 0    ; 0            ; |DataPath|ULA1:PRIMEIRA_ULA|somador_subtrator_nbits:SOMADOR|somador:\G1:3:SCs    ; work         ;
;          |somador:\G1:4:SCs|              ; 3 (3)             ; 0 (0)        ; 0           ; 0            ; 0       ; 0         ; 0         ; 0    ; 0            ; |DataPath|ULA1:PRIMEIRA_ULA|somador_subtrator_nbits:SOMADOR|somador:\G1:4:SCs    ; work         ;
;          |somador:\G1:5:SCs|              ; 1 (1)             ; 0 (0)        ; 0           ; 0            ; 0       ; 0         ; 0         ; 0    ; 0            ; |DataPath|ULA1:PRIMEIRA_ULA|somador_subtrator_nbits:SOMADOR|somador:\G1:5:SCs    ; work         ;
;          |somador:\G1:7:SCs|              ; 2 (2)             ; 0 (0)        ; 0           ; 0            ; 0       ; 0         ; 0         ; 0    ; 0            ; |DataPath|ULA1:PRIMEIRA_ULA|somador_subtrator_nbits:SOMADOR|somador:\G1:7:SCs    ; work         ;
;          |somador:\G1:8:SCs|              ; 1 (1)             ; 0 (0)        ; 0           ; 0            ; 0       ; 0         ; 0         ; 0    ; 0            ; |DataPath|ULA1:PRIMEIRA_ULA|somador_subtrator_nbits:SOMADOR|somador:\G1:8:SCs    ; work         ;
;          |somador:\G1:9:SCs|              ; 1 (1)             ; 0 (0)        ; 0           ; 0            ; 0       ; 0         ; 0         ; 0    ; 0            ; |DataPath|ULA1:PRIMEIRA_ULA|somador_subtrator_nbits:SOMADOR|somador:\G1:9:SCs    ; work         ;
;       |somador_subtrator_nbits:SUBTRATOR| ; 54 (1)            ; 0 (0)        ; 0           ; 0            ; 0       ; 0         ; 0         ; 0    ; 0            ; |DataPath|ULA1:PRIMEIRA_ULA|somador_subtrator_nbits:SUBTRATOR                    ; work         ;
;          |somador:\G1:10:SCs|             ; 1 (1)             ; 0 (0)        ; 0           ; 0            ; 0       ; 0         ; 0         ; 0    ; 0            ; |DataPath|ULA1:PRIMEIRA_ULA|somador_subtrator_nbits:SUBTRATOR|somador:\G1:10:SCs ; work         ;
;          |somador:\G1:11:SCs|             ; 2 (2)             ; 0 (0)        ; 0           ; 0            ; 0       ; 0         ; 0         ; 0    ; 0            ; |DataPath|ULA1:PRIMEIRA_ULA|somador_subtrator_nbits:SUBTRATOR|somador:\G1:11:SCs ; work         ;
;          |somador:\G1:12:SCs|             ; 1 (1)             ; 0 (0)        ; 0           ; 0            ; 0       ; 0         ; 0         ; 0    ; 0            ; |DataPath|ULA1:PRIMEIRA_ULA|somador_subtrator_nbits:SUBTRATOR|somador:\G1:12:SCs ; work         ;
;          |somador:\G1:14:SCs|             ; 5 (5)             ; 0 (0)        ; 0           ; 0            ; 0       ; 0         ; 0         ; 0    ; 0            ; |DataPath|ULA1:PRIMEIRA_ULA|somador_subtrator_nbits:SUBTRATOR|somador:\G1:14:SCs ; work         ;
;          |somador:\G1:15:SCs|             ; 1 (1)             ; 0 (0)        ; 0           ; 0            ; 0       ; 0         ; 0         ; 0    ; 0            ; |DataPath|ULA1:PRIMEIRA_ULA|somador_subtrator_nbits:SUBTRATOR|somador:\G1:15:SCs ; work         ;
;          |somador:\G1:16:SCs|             ; 1 (1)             ; 0 (0)        ; 0           ; 0            ; 0       ; 0         ; 0         ; 0    ; 0            ; |DataPath|ULA1:PRIMEIRA_ULA|somador_subtrator_nbits:SUBTRATOR|somador:\G1:16:SCs ; work         ;
;          |somador:\G1:17:SCs|             ; 4 (4)             ; 0 (0)        ; 0           ; 0            ; 0       ; 0         ; 0         ; 0    ; 0            ; |DataPath|ULA1:PRIMEIRA_ULA|somador_subtrator_nbits:SUBTRATOR|somador:\G1:17:SCs ; work         ;
;          |somador:\G1:18:SCs|             ; 1 (1)             ; 0 (0)        ; 0           ; 0            ; 0       ; 0         ; 0         ; 0    ; 0            ; |DataPath|ULA1:PRIMEIRA_ULA|somador_subtrator_nbits:SUBTRATOR|somador:\G1:18:SCs ; work         ;
;          |somador:\G1:1:SCs|              ; 1 (1)             ; 0 (0)        ; 0           ; 0            ; 0       ; 0         ; 0         ; 0    ; 0            ; |DataPath|ULA1:PRIMEIRA_ULA|somador_subtrator_nbits:SUBTRATOR|somador:\G1:1:SCs  ; work         ;
;          |somador:\G1:20:SCs|             ; 5 (5)             ; 0 (0)        ; 0           ; 0            ; 0       ; 0         ; 0         ; 0    ; 0            ; |DataPath|ULA1:PRIMEIRA_ULA|somador_subtrator_nbits:SUBTRATOR|somador:\G1:20:SCs ; work         ;
;          |somador:\G1:21:SCs|             ; 1 (1)             ; 0 (0)        ; 0           ; 0            ; 0       ; 0         ; 0         ; 0    ; 0            ; |DataPath|ULA1:PRIMEIRA_ULA|somador_subtrator_nbits:SUBTRATOR|somador:\G1:21:SCs ; work         ;
;          |somador:\G1:22:SCs|             ; 1 (1)             ; 0 (0)        ; 0           ; 0            ; 0       ; 0         ; 0         ; 0    ; 0            ; |DataPath|ULA1:PRIMEIRA_ULA|somador_subtrator_nbits:SUBTRATOR|somador:\G1:22:SCs ; work         ;
;          |somador:\G1:23:SCs|             ; 1 (1)             ; 0 (0)        ; 0           ; 0            ; 0       ; 0         ; 0         ; 0    ; 0            ; |DataPath|ULA1:PRIMEIRA_ULA|somador_subtrator_nbits:SUBTRATOR|somador:\G1:23:SCs ; work         ;
;          |somador:\G1:24:SCs|             ; 4 (4)             ; 0 (0)        ; 0           ; 0            ; 0       ; 0         ; 0         ; 0    ; 0            ; |DataPath|ULA1:PRIMEIRA_ULA|somador_subtrator_nbits:SUBTRATOR|somador:\G1:24:SCs ; work         ;
;          |somador:\G1:25:SCs|             ; 1 (1)             ; 0 (0)        ; 0           ; 0            ; 0       ; 0         ; 0         ; 0    ; 0            ; |DataPath|ULA1:PRIMEIRA_ULA|somador_subtrator_nbits:SUBTRATOR|somador:\G1:25:SCs ; work         ;
;          |somador:\G1:27:SCs|             ; 5 (5)             ; 0 (0)        ; 0           ; 0            ; 0       ; 0         ; 0         ; 0    ; 0            ; |DataPath|ULA1:PRIMEIRA_ULA|somador_subtrator_nbits:SUBTRATOR|somador:\G1:27:SCs ; work         ;
;          |somador:\G1:28:SCs|             ; 1 (1)             ; 0 (0)        ; 0           ; 0            ; 0       ; 0         ; 0         ; 0    ; 0            ; |DataPath|ULA1:PRIMEIRA_ULA|somador_subtrator_nbits:SUBTRATOR|somador:\G1:28:SCs ; work         ;
;          |somador:\G1:2:SCs|              ; 1 (1)             ; 0 (0)        ; 0           ; 0            ; 0       ; 0         ; 0         ; 0    ; 0            ; |DataPath|ULA1:PRIMEIRA_ULA|somador_subtrator_nbits:SUBTRATOR|somador:\G1:2:SCs  ; work         ;
;          |somador:\G1:30:SCs|             ; 5 (5)             ; 0 (0)        ; 0           ; 0            ; 0       ; 0         ; 0         ; 0    ; 0            ; |DataPath|ULA1:PRIMEIRA_ULA|somador_subtrator_nbits:SUBTRATOR|somador:\G1:30:SCs ; work         ;
;          |somador:\G1:31:SCs|             ; 1 (1)             ; 0 (0)        ; 0           ; 0            ; 0       ; 0         ; 0         ; 0    ; 0            ; |DataPath|ULA1:PRIMEIRA_ULA|somador_subtrator_nbits:SUBTRATOR|somador:\G1:31:SCs ; work         ;
;          |somador:\G1:3:SCs|              ; 1 (1)             ; 0 (0)        ; 0           ; 0            ; 0       ; 0         ; 0         ; 0    ; 0            ; |DataPath|ULA1:PRIMEIRA_ULA|somador_subtrator_nbits:SUBTRATOR|somador:\G1:3:SCs  ; work         ;
;          |somador:\G1:4:SCs|              ; 1 (1)             ; 0 (0)        ; 0           ; 0            ; 0       ; 0         ; 0         ; 0    ; 0            ; |DataPath|ULA1:PRIMEIRA_ULA|somador_subtrator_nbits:SUBTRATOR|somador:\G1:4:SCs  ; work         ;
;          |somador:\G1:5:SCs|              ; 3 (3)             ; 0 (0)        ; 0           ; 0            ; 0       ; 0         ; 0         ; 0    ; 0            ; |DataPath|ULA1:PRIMEIRA_ULA|somador_subtrator_nbits:SUBTRATOR|somador:\G1:5:SCs  ; work         ;
;          |somador:\G1:6:SCs|              ; 1 (1)             ; 0 (0)        ; 0           ; 0            ; 0       ; 0         ; 0         ; 0    ; 0            ; |DataPath|ULA1:PRIMEIRA_ULA|somador_subtrator_nbits:SUBTRATOR|somador:\G1:6:SCs  ; work         ;
;          |somador:\G1:7:SCs|              ; 1 (1)             ; 0 (0)        ; 0           ; 0            ; 0       ; 0         ; 0         ; 0    ; 0            ; |DataPath|ULA1:PRIMEIRA_ULA|somador_subtrator_nbits:SUBTRATOR|somador:\G1:7:SCs  ; work         ;
;          |somador:\G1:9:SCs|              ; 3 (3)             ; 0 (0)        ; 0           ; 0            ; 0       ; 0         ; 0         ; 0    ; 0            ; |DataPath|ULA1:PRIMEIRA_ULA|somador_subtrator_nbits:SUBTRATOR|somador:\G1:9:SCs  ; work         ;
;    |ULA2:SEGUNDA_ULA|                     ; 74 (74)           ; 0 (0)        ; 0           ; 0            ; 0       ; 0         ; 0         ; 0    ; 0            ; |DataPath|ULA2:SEGUNDA_ULA                                                       ; work         ;
;    |mux2pra1:\G1_LINHA:0:Muxes2pra1|      ; 32 (32)           ; 0 (0)        ; 0           ; 0            ; 0       ; 0         ; 0         ; 0    ; 0            ; |DataPath|mux2pra1:\G1_LINHA:0:Muxes2pra1                                        ; work         ;
;    |mux2pra1:\G1_LINHA:1:Muxes2pra1|      ; 32 (32)           ; 0 (0)        ; 0           ; 0            ; 0       ; 0         ; 0         ; 0    ; 0            ; |DataPath|mux2pra1:\G1_LINHA:1:Muxes2pra1                                        ; work         ;
;    |mux2pra1:\G1_LINHA:2:Muxes2pra1|      ; 32 (32)           ; 0 (0)        ; 0           ; 0            ; 0       ; 0         ; 0         ; 0    ; 0            ; |DataPath|mux2pra1:\G1_LINHA:2:Muxes2pra1                                        ; work         ;
;    |mux2pra1:\G1_LINHA:3:Muxes2pra1|      ; 32 (32)           ; 0 (0)        ; 0           ; 0            ; 0       ; 0         ; 0         ; 0    ; 0            ; |DataPath|mux2pra1:\G1_LINHA:3:Muxes2pra1                                        ; work         ;
;    |mux2pra1:\G1_LINHA:4:Muxes2pra1|      ; 32 (32)           ; 0 (0)        ; 0           ; 0            ; 0       ; 0         ; 0         ; 0    ; 0            ; |DataPath|mux2pra1:\G1_LINHA:4:Muxes2pra1                                        ; work         ;
;    |mux2pra1:\G1_LINHA:5:Muxes2pra1|      ; 32 (32)           ; 0 (0)        ; 0           ; 0            ; 0       ; 0         ; 0         ; 0    ; 0            ; |DataPath|mux2pra1:\G1_LINHA:5:Muxes2pra1                                        ; work         ;
;    |mux2pra1:\G1_LINHA:6:Muxes2pra1|      ; 32 (32)           ; 0 (0)        ; 0           ; 0            ; 0       ; 0         ; 0         ; 0    ; 0            ; |DataPath|mux2pra1:\G1_LINHA:6:Muxes2pra1                                        ; work         ;
;    |mux2pra1:\G1_LINHA:7:Muxes2pra1|      ; 32 (32)           ; 0 (0)        ; 0           ; 0            ; 0       ; 0         ; 0         ; 0    ; 0            ; |DataPath|mux2pra1:\G1_LINHA:7:Muxes2pra1                                        ; work         ;
;    |mux8pra1:Muxes8pra1_DOIS|             ; 160 (160)         ; 0 (0)        ; 0           ; 0            ; 0       ; 0         ; 0         ; 0    ; 0            ; |DataPath|mux8pra1:Muxes8pra1_DOIS                                               ; work         ;
;    |mux8pra1:Muxes8pra1_TRES|             ; 160 (160)         ; 0 (0)        ; 0           ; 0            ; 0       ; 0         ; 0         ; 0    ; 0            ; |DataPath|mux8pra1:Muxes8pra1_TRES                                               ; work         ;
;    |mux8pra1:Muxes8pra1_UM|               ; 160 (160)         ; 0 (0)        ; 0           ; 0            ; 0       ; 0         ; 0         ; 0    ; 0            ; |DataPath|mux8pra1:Muxes8pra1_UM                                                 ; work         ;
;    |registerNbits:\G2:0:Registradores|    ; 0 (0)             ; 32 (32)      ; 0           ; 0            ; 0       ; 0         ; 0         ; 0    ; 0            ; |DataPath|registerNbits:\G2:0:Registradores                                      ; work         ;
;    |registerNbits:\G2:1:Registradores|    ; 0 (0)             ; 32 (32)      ; 0           ; 0            ; 0       ; 0         ; 0         ; 0    ; 0            ; |DataPath|registerNbits:\G2:1:Registradores                                      ; work         ;
;    |registerNbits:\G2:2:Registradores|    ; 0 (0)             ; 32 (32)      ; 0           ; 0            ; 0       ; 0         ; 0         ; 0    ; 0            ; |DataPath|registerNbits:\G2:2:Registradores                                      ; work         ;
;    |registerNbits:\G2:3:Registradores|    ; 0 (0)             ; 32 (32)      ; 0           ; 0            ; 0       ; 0         ; 0         ; 0    ; 0            ; |DataPath|registerNbits:\G2:3:Registradores                                      ; work         ;
;    |registerNbits:\G2:4:Registradores|    ; 0 (0)             ; 32 (32)      ; 0           ; 0            ; 0       ; 0         ; 0         ; 0    ; 0            ; |DataPath|registerNbits:\G2:4:Registradores                                      ; work         ;
;    |registerNbits:\G2:5:Registradores|    ; 0 (0)             ; 32 (32)      ; 0           ; 0            ; 0       ; 0         ; 0         ; 0    ; 0            ; |DataPath|registerNbits:\G2:5:Registradores                                      ; work         ;
;    |registerNbits:\G2:6:Registradores|    ; 0 (0)             ; 32 (32)      ; 0           ; 0            ; 0       ; 0         ; 0         ; 0    ; 0            ; |DataPath|registerNbits:\G2:6:Registradores                                      ; work         ;
;    |registerNbits:\G2:7:Registradores|    ; 0 (0)             ; 32 (32)      ; 0           ; 0            ; 0       ; 0         ; 0         ; 0    ; 0            ; |DataPath|registerNbits:\G2:7:Registradores                                      ; work         ;
+-------------------------------------------+-------------------+--------------+-------------+--------------+---------+-----------+-----------+------+--------------+----------------------------------------------------------------------------------+--------------+
Note: For table entries with two numbers listed, the numbers in parentheses indicate the number of resources of the given type used by the specific entity alone. The numbers listed outside of parentheses indicate the total resources of the given type used by the specific entity and all of its sub-entities in the hierarchy.


+-------------------------------------------------------------------------------------------------------+
; User-Specified and Inferred Latches                                                                   ;
+----------------------------------------------------+-------------------------+------------------------+
; Latch Name                                         ; Latch Enable Signal     ; Free of Timing Hazards ;
+----------------------------------------------------+-------------------------+------------------------+
; ULA1:PRIMEIRA_ULA|cout                             ; ULA1:PRIMEIRA_ULA|Mux31 ; yes                    ;
; ULA1:PRIMEIRA_ULA|ov                               ; ULA1:PRIMEIRA_ULA|Mux31 ; yes                    ;
; Number of user-specified and inferred latches = 2  ;                         ;                        ;
+----------------------------------------------------+-------------------------+------------------------+
Note: All latches listed above may not be present at the end of synthesis due to various synthesis optimizations.


+------------------------------------------------------+
; General Register Statistics                          ;
+----------------------------------------------+-------+
; Statistic                                    ; Value ;
+----------------------------------------------+-------+
; Total registers                              ; 292   ;
; Number of registers using Synchronous Clear  ; 0     ;
; Number of registers using Synchronous Load   ; 0     ;
; Number of registers using Asynchronous Clear ; 256   ;
; Number of registers using Asynchronous Load  ; 0     ;
; Number of registers using Clock Enable       ; 256   ;
; Number of registers using Preset             ; 0     ;
+----------------------------------------------+-------+


+-------------------------------------------------------------------------------------------------------------------------------------------------------+
; Multiplexer Restructuring Statistics (Restructuring Performed)                                                                                        ;
+--------------------+-----------+---------------+----------------------+------------------------+------------+-----------------------------------------+
; Multiplexer Inputs ; Bus Width ; Baseline Area ; Area if Restructured ; Saving if Restructured ; Registered ; Example Multiplexer Output              ;
+--------------------+-----------+---------------+----------------------+------------------------+------------+-----------------------------------------+
; 4:1                ; 31 bits   ; 62 LEs        ; 62 LEs               ; 0 LEs                  ; No         ; |DataPath|ULA1:PRIMEIRA_ULA|Mux29       ;
; 4:1                ; 31 bits   ; 62 LEs        ; 62 LEs               ; 0 LEs                  ; No         ; |DataPath|ULA2:SEGUNDA_ULA|Mux30        ;
; 8:1                ; 32 bits   ; 160 LEs       ; 160 LEs              ; 0 LEs                  ; No         ; |DataPath|mux8pra1:Muxes8pra1_DOIS|Mux0 ;
; 8:1                ; 32 bits   ; 160 LEs       ; 160 LEs              ; 0 LEs                  ; No         ; |DataPath|mux8pra1:Muxes8pra1_TRES|Mux0 ;
; 8:1                ; 32 bits   ; 160 LEs       ; 160 LEs              ; 0 LEs                  ; No         ; |DataPath|mux8pra1:Muxes8pra1_UM|Mux29  ;
+--------------------+-----------+---------------+----------------------+------------------------+------------+-----------------------------------------+


+------------------------------------------------------------------------------+
; Parameter Settings for User Entity Instance: mux2pra1:\G1_LINHA:0:Muxes2pra1 ;
+----------------+-------+-----------------------------------------------------+
; Parameter Name ; Value ; Type                                                ;
+----------------+-------+-----------------------------------------------------+
; N              ; 32    ; Signed Integer                                      ;
+----------------+-------+-----------------------------------------------------+
Note: In order to hide this table in the UI and the text report file, please set the "Show Parameter Settings in Synthesis Report" option in "Analysis and Synthesis Settings -> More Settings" to "Off".


+------------------------------------------------------------------------------+
; Parameter Settings for User Entity Instance: mux2pra1:\G1_LINHA:1:Muxes2pra1 ;
+----------------+-------+-----------------------------------------------------+
; Parameter Name ; Value ; Type                                                ;
+----------------+-------+-----------------------------------------------------+
; N              ; 32    ; Signed Integer                                      ;
+----------------+-------+-----------------------------------------------------+
Note: In order to hide this table in the UI and the text report file, please set the "Show Parameter Settings in Synthesis Report" option in "Analysis and Synthesis Settings -> More Settings" to "Off".


+------------------------------------------------------------------------------+
; Parameter Settings for User Entity Instance: mux2pra1:\G1_LINHA:2:Muxes2pra1 ;
+----------------+-------+-----------------------------------------------------+
; Parameter Name ; Value ; Type                                                ;
+----------------+-------+-----------------------------------------------------+
; N              ; 32    ; Signed Integer                                      ;
+----------------+-------+-----------------------------------------------------+
Note: In order to hide this table in the UI and the text report file, please set the "Show Parameter Settings in Synthesis Report" option in "Analysis and Synthesis Settings -> More Settings" to "Off".


+------------------------------------------------------------------------------+
; Parameter Settings for User Entity Instance: mux2pra1:\G1_LINHA:3:Muxes2pra1 ;
+----------------+-------+-----------------------------------------------------+
; Parameter Name ; Value ; Type                                                ;
+----------------+-------+-----------------------------------------------------+
; N              ; 32    ; Signed Integer                                      ;
+----------------+-------+-----------------------------------------------------+
Note: In order to hide this table in the UI and the text report file, please set the "Show Parameter Settings in Synthesis Report" option in "Analysis and Synthesis Settings -> More Settings" to "Off".


+------------------------------------------------------------------------------+
; Parameter Settings for User Entity Instance: mux2pra1:\G1_LINHA:4:Muxes2pra1 ;
+----------------+-------+-----------------------------------------------------+
; Parameter Name ; Value ; Type                                                ;
+----------------+-------+-----------------------------------------------------+
; N              ; 32    ; Signed Integer                                      ;
+----------------+-------+-----------------------------------------------------+
Note: In order to hide this table in the UI and the text report file, please set the "Show Parameter Settings in Synthesis Report" option in "Analysis and Synthesis Settings -> More Settings" to "Off".


+------------------------------------------------------------------------------+
; Parameter Settings for User Entity Instance: mux2pra1:\G1_LINHA:5:Muxes2pra1 ;
+----------------+-------+-----------------------------------------------------+
; Parameter Name ; Value ; Type                                                ;
+----------------+-------+-----------------------------------------------------+
; N              ; 32    ; Signed Integer                                      ;
+----------------+-------+-----------------------------------------------------+
Note: In order to hide this table in the UI and the text report file, please set the "Show Parameter Settings in Synthesis Report" option in "Analysis and Synthesis Settings -> More Settings" to "Off".


+------------------------------------------------------------------------------+
; Parameter Settings for User Entity Instance: mux2pra1:\G1_LINHA:6:Muxes2pra1 ;
+----------------+-------+-----------------------------------------------------+
; Parameter Name ; Value ; Type                                                ;
+----------------+-------+-----------------------------------------------------+
; N              ; 32    ; Signed Integer                                      ;
+----------------+-------+-----------------------------------------------------+
Note: In order to hide this table in the UI and the text report file, please set the "Show Parameter Settings in Synthesis Report" option in "Analysis and Synthesis Settings -> More Settings" to "Off".


+------------------------------------------------------------------------------+
; Parameter Settings for User Entity Instance: mux2pra1:\G1_LINHA:7:Muxes2pra1 ;
+----------------+-------+-----------------------------------------------------+
; Parameter Name ; Value ; Type                                                ;
+----------------+-------+-----------------------------------------------------+
; N              ; 32    ; Signed Integer                                      ;
+----------------+-------+-----------------------------------------------------+
Note: In order to hide this table in the UI and the text report file, please set the "Show Parameter Settings in Synthesis Report" option in "Analysis and Synthesis Settings -> More Settings" to "Off".


+--------------------------------------------------------------------------------+
; Parameter Settings for User Entity Instance: registerNbits:\G2:0:Registradores ;
+----------------+-------+-------------------------------------------------------+
; Parameter Name ; Value ; Type                                                  ;
+----------------+-------+-------------------------------------------------------+
; n              ; 32    ; Signed Integer                                        ;
+----------------+-------+-------------------------------------------------------+
Note: In order to hide this table in the UI and the text report file, please set the "Show Parameter Settings in Synthesis Report" option in "Analysis and Synthesis Settings -> More Settings" to "Off".


+--------------------------------------------------------------------------------+
; Parameter Settings for User Entity Instance: registerNbits:\G2:1:Registradores ;
+----------------+-------+-------------------------------------------------------+
; Parameter Name ; Value ; Type                                                  ;
+----------------+-------+-------------------------------------------------------+
; n              ; 32    ; Signed Integer                                        ;
+----------------+-------+-------------------------------------------------------+
Note: In order to hide this table in the UI and the text report file, please set the "Show Parameter Settings in Synthesis Report" option in "Analysis and Synthesis Settings -> More Settings" to "Off".


+--------------------------------------------------------------------------------+
; Parameter Settings for User Entity Instance: registerNbits:\G2:2:Registradores ;
+----------------+-------+-------------------------------------------------------+
; Parameter Name ; Value ; Type                                                  ;
+----------------+-------+-------------------------------------------------------+
; n              ; 32    ; Signed Integer                                        ;
+----------------+-------+-------------------------------------------------------+
Note: In order to hide this table in the UI and the text report file, please set the "Show Parameter Settings in Synthesis Report" option in "Analysis and Synthesis Settings -> More Settings" to "Off".


+--------------------------------------------------------------------------------+
; Parameter Settings for User Entity Instance: registerNbits:\G2:3:Registradores ;
+----------------+-------+-------------------------------------------------------+
; Parameter Name ; Value ; Type                                                  ;
+----------------+-------+-------------------------------------------------------+
; n              ; 32    ; Signed Integer                                        ;
+----------------+-------+-------------------------------------------------------+
Note: In order to hide this table in the UI and the text report file, please set the "Show Parameter Settings in Synthesis Report" option in "Analysis and Synthesis Settings -> More Settings" to "Off".


+--------------------------------------------------------------------------------+
; Parameter Settings for User Entity Instance: registerNbits:\G2:4:Registradores ;
+----------------+-------+-------------------------------------------------------+
; Parameter Name ; Value ; Type                                                  ;
+----------------+-------+-------------------------------------------------------+
; n              ; 32    ; Signed Integer                                        ;
+----------------+-------+-------------------------------------------------------+
Note: In order to hide this table in the UI and the text report file, please set the "Show Parameter Settings in Synthesis Report" option in "Analysis and Synthesis Settings -> More Settings" to "Off".


+--------------------------------------------------------------------------------+
; Parameter Settings for User Entity Instance: registerNbits:\G2:5:Registradores ;
+----------------+-------+-------------------------------------------------------+
; Parameter Name ; Value ; Type                                                  ;
+----------------+-------+-------------------------------------------------------+
; n              ; 32    ; Signed Integer                                        ;
+----------------+-------+-------------------------------------------------------+
Note: In order to hide this table in the UI and the text report file, please set the "Show Parameter Settings in Synthesis Report" option in "Analysis and Synthesis Settings -> More Settings" to "Off".


+--------------------------------------------------------------------------------+
; Parameter Settings for User Entity Instance: registerNbits:\G2:6:Registradores ;
+----------------+-------+-------------------------------------------------------+
; Parameter Name ; Value ; Type                                                  ;
+----------------+-------+-------------------------------------------------------+
; n              ; 32    ; Signed Integer                                        ;
+----------------+-------+-------------------------------------------------------+
Note: In order to hide this table in the UI and the text report file, please set the "Show Parameter Settings in Synthesis Report" option in "Analysis and Synthesis Settings -> More Settings" to "Off".


+--------------------------------------------------------------------------------+
; Parameter Settings for User Entity Instance: registerNbits:\G2:7:Registradores ;
+----------------+-------+-------------------------------------------------------+
; Parameter Name ; Value ; Type                                                  ;
+----------------+-------+-------------------------------------------------------+
; n              ; 32    ; Signed Integer                                        ;
+----------------+-------+-------------------------------------------------------+
Note: In order to hide this table in the UI and the text report file, please set the "Show Parameter Settings in Synthesis Report" option in "Analysis and Synthesis Settings -> More Settings" to "Off".


+----------------------------------------------------------------+
; Parameter Settings for User Entity Instance: ULA1:PRIMEIRA_ULA ;
+----------------+-------+---------------------------------------+
; Parameter Name ; Value ; Type                                  ;
+----------------+-------+---------------------------------------+
; n              ; 32    ; Signed Integer                        ;
+----------------+-------+---------------------------------------+
Note: In order to hide this table in the UI and the text report file, please set the "Show Parameter Settings in Synthesis Report" option in "Analysis and Synthesis Settings -> More Settings" to "Off".


+------------------------------------------------------------------------------------------------+
; Parameter Settings for User Entity Instance: ULA1:PRIMEIRA_ULA|somador_subtrator_nbits:SOMADOR ;
+----------------+-------+-----------------------------------------------------------------------+
; Parameter Name ; Value ; Type                                                                  ;
+----------------+-------+-----------------------------------------------------------------------+
; n              ; 32    ; Signed Integer                                                        ;
+----------------+-------+-----------------------------------------------------------------------+
Note: In order to hide this table in the UI and the text report file, please set the "Show Parameter Settings in Synthesis Report" option in "Analysis and Synthesis Settings -> More Settings" to "Off".


+--------------------------------------------------------------------------------------------------+
; Parameter Settings for User Entity Instance: ULA1:PRIMEIRA_ULA|somador_subtrator_nbits:SUBTRATOR ;
+----------------+-------+-------------------------------------------------------------------------+
; Parameter Name ; Value ; Type                                                                    ;
+----------------+-------+-------------------------------------------------------------------------+
; n              ; 32    ; Signed Integer                                                          ;
+----------------+-------+-------------------------------------------------------------------------+
Note: In order to hide this table in the UI and the text report file, please set the "Show Parameter Settings in Synthesis Report" option in "Analysis and Synthesis Settings -> More Settings" to "Off".


+---------------------------------------------------------------+
; Parameter Settings for User Entity Instance: ULA2:SEGUNDA_ULA ;
+----------------+-------+--------------------------------------+
; Parameter Name ; Value ; Type                                 ;
+----------------+-------+--------------------------------------+
; x              ; 32    ; Signed Integer                       ;
+----------------+-------+--------------------------------------+
Note: In order to hide this table in the UI and the text report file, please set the "Show Parameter Settings in Synthesis Report" option in "Analysis and Synthesis Settings -> More Settings" to "Off".


+---------------------------------------------------------------------------------+
; Port Connectivity Checks: "ULA1:PRIMEIRA_ULA|somador_subtrator_nbits:SUBTRATOR" ;
+------+-------+----------+-------------------------------------------------------+
; Port ; Type  ; Severity ; Details                                               ;
+------+-------+----------+-------------------------------------------------------+
; c0   ; Input ; Info     ; Stuck at VCC                                          ;
+------+-------+----------+-------------------------------------------------------+


+-------------------------------------------------------------------------------+
; Port Connectivity Checks: "ULA1:PRIMEIRA_ULA|somador_subtrator_nbits:SOMADOR" ;
+------+-------+----------+-----------------------------------------------------+
; Port ; Type  ; Severity ; Details                                             ;
+------+-------+----------+-----------------------------------------------------+
; c0   ; Input ; Info     ; Stuck at GND                                        ;
+------+-------+----------+-----------------------------------------------------+


+-------------------------------+
; Elapsed Time Per Partition    ;
+----------------+--------------+
; Partition Name ; Elapsed Time ;
+----------------+--------------+
; Top            ; 00:00:02     ;
+----------------+--------------+


+-------------------------------+
; Analysis & Synthesis Messages ;
+-------------------------------+
Info: *******************************************************************
Info: Running Quartus II 64-Bit Analysis & Synthesis
    Info: Version 13.0.1 Build 232 06/12/2013 Service Pack 1 SJ Web Edition
    Info: Processing started: Mon Sep 27 20:32:06 2021
Info: Command: quartus_map --read_settings_files=on --write_settings_files=off DataPath -c DataPath
Warning (20028): Parallel compilation is not licensed and has been disabled
Info (12021): Found 2 design units, including 1 entities, in source file datapath.vhd
    Info (12022): Found design unit 1: DataPath-comportamento
    Info (12023): Found entity 1: DataPath
Info (12021): Found 2 design units, including 1 entities, in source file somador_subtrator_nbits.vhd
    Info (12022): Found design unit 1: somador_subtrator_nbits-comportamento
    Info (12023): Found entity 1: somador_subtrator_nbits
Info (12021): Found 2 design units, including 1 entities, in source file somador.vhd
    Info (12022): Found design unit 1: somador-comportamento
    Info (12023): Found entity 1: somador
Info (12021): Found 2 design units, including 1 entities, in source file mux2pra1.vhd
    Info (12022): Found design unit 1: mux2pra1-comportamento
    Info (12023): Found entity 1: mux2pra1
Info (12021): Found 2 design units, including 1 entities, in source file mux8pra1.vhd
    Info (12022): Found design unit 1: mux8pra1-comportamento
    Info (12023): Found entity 1: mux8pra1
Info (12021): Found 2 design units, including 1 entities, in source file ula2.vhd
    Info (12022): Found design unit 1: ULA2-comportamento
    Info (12023): Found entity 1: ULA2
Info (12021): Found 2 design units, including 1 entities, in source file ula1.vhd
    Info (12022): Found design unit 1: ULA1-comportamento
    Info (12023): Found entity 1: ULA1
Info (12021): Found 2 design units, including 1 entities, in source file registernbits.vhd
    Info (12022): Found design unit 1: registerNbits-description
    Info (12023): Found entity 1: registerNbits
Info (12127): Elaborating entity "DataPath" for the top level hierarchy
Info (12128): Elaborating entity "mux2pra1" for hierarchy "mux2pra1:\G1_LINHA:0:Muxes2pra1"
Info (12128): Elaborating entity "registerNbits" for hierarchy "registerNbits:\G2:0:Registradores"
Info (12128): Elaborating entity "mux8pra1" for hierarchy "mux8pra1:Muxes8pra1_UM"
Info (12128): Elaborating entity "ULA1" for hierarchy "ULA1:PRIMEIRA_ULA"
Warning (10492): VHDL Process Statement warning at ULA1.vhd(54): signal "resultado_soma" is read inside the Process Statement but isn't in the Process Statement's sensitivity list
Warning (10492): VHDL Process Statement warning at ULA1.vhd(55): signal "cout_add" is read inside the Process Statement but isn't in the Process Statement's sensitivity list
Warning (10492): VHDL Process Statement warning at ULA1.vhd(56): signal "ov_soma" is read inside the Process Statement but isn't in the Process Statement's sensitivity list
Warning (10492): VHDL Process Statement warning at ULA1.vhd(57): signal "resultado_sub" is read inside the Process Statement but isn't in the Process Statement's sensitivity list
Warning (10492): VHDL Process Statement warning at ULA1.vhd(58): signal "cout_soma" is read inside the Process Statement but isn't in the Process Statement's sensitivity list
Warning (10492): VHDL Process Statement warning at ULA1.vhd(59): signal "ov_sub" is read inside the Process Statement but isn't in the Process Statement's sensitivity list
Warning (10631): VHDL Process Statement warning at ULA1.vhd(47): inferring latch(es) for signal or variable "cout", which holds its previous value in one or more paths through the process
Warning (10631): VHDL Process Statement warning at ULA1.vhd(47): inferring latch(es) for signal or variable "ov", which holds its previous value in one or more paths through the process
Info (10041): Inferred latch for "ov" at ULA1.vhd(47)
Info (10041): Inferred latch for "cout" at ULA1.vhd(47)
Info (12128): Elaborating entity "somador_subtrator_nbits" for hierarchy "ULA1:PRIMEIRA_ULA|somador_subtrator_nbits:SOMADOR"
Info (12128): Elaborating entity "somador" for hierarchy "ULA1:PRIMEIRA_ULA|somador_subtrator_nbits:SOMADOR|somador:\G1:0:SCs"
Info (12128): Elaborating entity "ULA2" for hierarchy "ULA2:SEGUNDA_ULA"
Warning (13012): Latch ULA1:PRIMEIRA_ULA|cout has unsafe behavior
    Warning (13013): Ports D and ENA on the latch are fed by the same signal c[26]
Warning (13012): Latch ULA1:PRIMEIRA_ULA|ov has unsafe behavior
    Warning (13013): Ports D and ENA on the latch are fed by the same signal c[26]
Info (286030): Timing-Driven Synthesis is running
Info (16010): Generating hard_block partition "hard_block:auto_generated_inst"
    Info (16011): Adding 0 node(s), including 0 DDIO, 0 PLL, 0 transceiver and 0 LCELL
Info (21057): Implemented 1404 device resources after synthesis - the final resource count might be different
    Info (21058): Implemented 63 input pins
    Info (21059): Implemented 292 output pins
    Info (21061): Implemented 1049 logic cells
Info: Quartus II 64-Bit Analysis & Synthesis was successful. 0 errors, 13 warnings
    Info: Peak virtual memory: 4684 megabytes
    Info: Processing ended: Mon Sep 27 20:32:10 2021
    Info: Elapsed time: 00:00:04
    Info: Total CPU time (on all processors): 00:00:05


